<?xml version="1.0" encoding="UTF-8"?>
<!-- Generated by org.testng.reporters.JUnitXMLReporter -->
<testsuite ignored="0" hostname="LTIN185426" failures="0" tests="5" name="Test" time="92.211" errors="0" timestamp="2024-02-08T23:26:25 IST">
  <testcase classname="testCases.TC_Combined" name="verify_User_Details" time="10.049"/>
  <testcase classname="testCases.TC_Combined" name="countNews" time="0.712"/>
  <testcase classname="testCases.TC_Combined" name="cmpTooltip" time="0.594"/>
  <testcase classname="testCases.TC_Combined" name="clickEachNews" time="50.035"/>
  <testcase classname="testCases.TC_Combined" name="appsAndTools" time="11.391"/>
</testsuite> <!-- Test -->
