<?xml version="1.0" encoding="UTF-8"?>
<!-- Generated by org.testng.reporters.JUnitXMLReporter -->
<testsuite ignored="8" hostname="LTIN185426" failures="0" tests="5" name="Test" time="94.039" errors="0" timestamp="2024-02-10T02:01:59 IST">
  <testcase classname="testCases.TC_0001_VerifyUserDetail" name="verify_User_Details" time="11.679"/>
  <testcase classname="testCases.TC_0002_NewsAndCount" name="countNews" time="0.342"/>
  <testcase classname="testCases.TC_0003_CompareHeadingwithToolTip" name="cmpTooltip" time="0.42"/>
  <testcase classname="testCases.TC_0004_ClickEachNewsAndPrint" name="clickEachNews" time="54.17"/>
  <testcase classname="testCases.TC_0005_AppsAndTools" name="appsAndTools" time="10.789"/>
  <testcase classname="testBase.BaseClass" name="@BeforeTest driverSetup" time="0.0">
    <ignored/>
  </testcase> <!-- @BeforeTest driverSetup -->
  <testcase classname="testBase.BaseClass" name="@BeforeTest driverSetup" time="0.0">
    <ignored/>
  </testcase> <!-- @BeforeTest driverSetup -->
  <testcase classname="testBase.BaseClass" name="@BeforeTest driverSetup" time="0.0">
    <ignored/>
  </testcase> <!-- @BeforeTest driverSetup -->
  <testcase classname="testBase.BaseClass" name="@BeforeTest driverSetup" time="0.0">
    <ignored/>
  </testcase> <!-- @BeforeTest driverSetup -->
  <testcase classname="testBase.BaseClass" name="@AfterTest tearDown" time="0.0">
    <ignored/>
  </testcase> <!-- @AfterTest tearDown -->
  <testcase classname="testBase.BaseClass" name="@AfterTest tearDown" time="0.0">
    <ignored/>
  </testcase> <!-- @AfterTest tearDown -->
  <testcase classname="testBase.BaseClass" name="@AfterTest tearDown" time="0.0">
    <ignored/>
  </testcase> <!-- @AfterTest tearDown -->
  <testcase classname="testBase.BaseClass" name="@AfterTest tearDown" time="0.0">
    <ignored/>
  </testcase> <!-- @AfterTest tearDown -->
</testsuite> <!-- Test -->
