<?xml version="1.0" encoding="UTF-8"?>
<!-- Generated by org.testng.reporters.JUnitXMLReporter -->
<testsuite ignored="8" hostname="LTIN185426" failures="0" tests="5" name="Test" time="94.082" errors="0" timestamp="2024-02-11T02:55:57 IST">
  <testcase classname="testCases.TC_0001_VerifyUserDetail" name="verify_User_Details" time="16.123"/>
  <testcase classname="testCases.TC_0002_NewsAndCount" name="countNews" time="2.203"/>
  <testcase classname="testCases.TC_0003_CompareHeadingwithToolTip" name="cmpTooltip" time="1.552"/>
  <testcase classname="testCases.TC_0004_ClickEachNewsAndPrint" name="clickEachNews" time="48.595"/>
  <testcase classname="testCases.TC_0005_AppsAndTools" name="appsAndTools" time="6.94"/>
  <testcase classname="testBase.BaseClass" name="@AfterTest tearDown" time="0.0">
    <ignored/>
  </testcase> <!-- @AfterTest tearDown -->
  <testcase classname="testBase.BaseClass" name="@BeforeTest driverSetup" time="0.0">
    <ignored/>
  </testcase> <!-- @BeforeTest driverSetup -->
  <testcase classname="testBase.BaseClass" name="@AfterTest tearDown" time="0.0">
    <ignored/>
  </testcase> <!-- @AfterTest tearDown -->
  <testcase classname="testBase.BaseClass" name="@BeforeTest driverSetup" time="0.0">
    <ignored/>
  </testcase> <!-- @BeforeTest driverSetup -->
  <testcase classname="testBase.BaseClass" name="@BeforeTest driverSetup" time="0.0">
    <ignored/>
  </testcase> <!-- @BeforeTest driverSetup -->
  <testcase classname="testBase.BaseClass" name="@AfterTest tearDown" time="0.0">
    <ignored/>
  </testcase> <!-- @AfterTest tearDown -->
  <testcase classname="testBase.BaseClass" name="@AfterTest tearDown" time="0.0">
    <ignored/>
  </testcase> <!-- @AfterTest tearDown -->
  <testcase classname="testBase.BaseClass" name="@BeforeTest driverSetup" time="0.0">
    <ignored/>
  </testcase> <!-- @BeforeTest driverSetup -->
</testsuite> <!-- Test -->
