<?xml version="1.0" encoding="UTF-8"?>
<!-- Generated by org.testng.reporters.JUnitXMLReporter -->
<testsuite ignored="8" hostname="LTIN185426" failures="0" tests="5" name="Test" time="95.021" errors="0" timestamp="2024-02-12T22:40:37 IST">
  <testcase classname="testCases.TC_0001_VerifyUserDetail" name="verify_User_Details" time="14.509"/>
  <testcase classname="testCases.TC_0002_NewsAndCount" name="countNews" time="3.71"/>
  <testcase classname="testCases.TC_0003_CompareHeadingwithToolTip" name="cmpTooltip" time="1.352"/>
  <testcase classname="testCases.TC_0004_ClickEachNewsAndPrint" name="clickEachNews" time="52.422"/>
  <testcase classname="testCases.TC_0005_AppsAndTools" name="appsAndTools" time="7.088"/>
  <testcase classname="testBase.BaseClass" name="@BeforeTest driverSetup" time="0.0">
    <ignored/>
  </testcase> <!-- @BeforeTest driverSetup -->
  <testcase classname="testBase.BaseClass" name="@AfterTest tearDown" time="0.0">
    <ignored/>
  </testcase> <!-- @AfterTest tearDown -->
  <testcase classname="testBase.BaseClass" name="@BeforeTest driverSetup" time="0.0">
    <ignored/>
  </testcase> <!-- @BeforeTest driverSetup -->
  <testcase classname="testBase.BaseClass" name="@AfterTest tearDown" time="0.0">
    <ignored/>
  </testcase> <!-- @AfterTest tearDown -->
  <testcase classname="testBase.BaseClass" name="@BeforeTest driverSetup" time="0.0">
    <ignored/>
  </testcase> <!-- @BeforeTest driverSetup -->
  <testcase classname="testBase.BaseClass" name="@AfterTest tearDown" time="0.0">
    <ignored/>
  </testcase> <!-- @AfterTest tearDown -->
  <testcase classname="testBase.BaseClass" name="@AfterTest tearDown" time="0.0">
    <ignored/>
  </testcase> <!-- @AfterTest tearDown -->
  <testcase classname="testBase.BaseClass" name="@BeforeTest driverSetup" time="0.0">
    <ignored/>
  </testcase> <!-- @BeforeTest driverSetup -->
</testsuite> <!-- Test -->
