<?xml version="1.0" encoding="UTF-8"?>
<testng-results ignored="0" total="5" passed="5" failed="0" skipped="0">
  <reporter-output>
  </reporter-output>
  <suite started-at="2024-02-11T02:54:20 IST" name="Suite" finished-at="2024-02-11T02:55:55 IST" duration-ms="94082">
    <groups>
      <group name="regression">
        <method signature="TC_0002_NewsAndCount.countNews()[pri:2, instance:testCases.TC_0002_NewsAndCount@3f4faf53]" name="countNews" class="testCases.TC_0002_NewsAndCount"/>
      </group> <!-- regression -->
      <group name="sanity">
        <method signature="TC_0001_VerifyUserDetail.verify_User_Details()[pri:1, instance:testCases.TC_0001_VerifyUserDetail@1972e513]" name="verify_User_Details" class="testCases.TC_0001_VerifyUserDetail"/>
      </group> <!-- sanity -->
      <group name="master">
        <method signature="TC_0001_VerifyUserDetail.verify_User_Details()[pri:1, instance:testCases.TC_0001_VerifyUserDetail@1972e513]" name="verify_User_Details" class="testCases.TC_0001_VerifyUserDetail"/>
        <method signature="TC_0002_NewsAndCount.countNews()[pri:2, instance:testCases.TC_0002_NewsAndCount@3f4faf53]" name="countNews" class="testCases.TC_0002_NewsAndCount"/>
      </group> <!-- master -->
    </groups>
    <test started-at="2024-02-11T02:54:20 IST" name="Test" finished-at="2024-02-11T02:55:55 IST" duration-ms="94082">
      <class name="testCases.TC_0002_NewsAndCount">
        <test-method signature="countNews()[pri:2, instance:testCases.TC_0002_NewsAndCount@3f4faf53]" started-at="2024-02-11T02:54:54 IST" name="countNews" finished-at="2024-02-11T02:54:56 IST" duration-ms="2203" status="PASS">
          <reporter-output>
          </reporter-output>
        </test-method> <!-- countNews -->
      </class> <!-- testCases.TC_0002_NewsAndCount -->
      <class name="testCases.TC_0004_ClickEachNewsAndPrint">
        <test-method signature="clickEachNews()[pri:0, instance:testCases.TC_0004_ClickEachNewsAndPrint@533bda92]" started-at="2024-02-11T02:54:58 IST" name="clickEachNews" finished-at="2024-02-11T02:55:46 IST" duration-ms="48595" status="PASS">
          <reporter-output>
          </reporter-output>
        </test-method> <!-- clickEachNews -->
      </class> <!-- testCases.TC_0004_ClickEachNewsAndPrint -->
      <class name="testCases.TC_0005_AppsAndTools">
        <test-method signature="appsAndTools()[pri:0, instance:testCases.TC_0005_AppsAndTools@304bb45b]" started-at="2024-02-11T02:55:46 IST" name="appsAndTools" finished-at="2024-02-11T02:55:53 IST" duration-ms="6940" status="PASS">
          <reporter-output>
          </reporter-output>
        </test-method> <!-- appsAndTools -->
      </class> <!-- testCases.TC_0005_AppsAndTools -->
      <class name="testCases.TC_0001_VerifyUserDetail">
        <test-method is-config="true" signature="driverSetup(java.lang.String)[pri:0, instance:testCases.TC_0001_VerifyUserDetail@1972e513]" started-at="2024-02-11T02:54:21 IST" name="driverSetup" finished-at="2024-02-11T02:54:38 IST" duration-ms="16470" status="PASS">
          <params>
            <param index="0">
              <value>
                <![CDATA[chrome]]>
              </value>
            </param>
          </params>
          <reporter-output>
          </reporter-output>
        </test-method> <!-- driverSetup -->
        <test-method signature="verify_User_Details()[pri:1, instance:testCases.TC_0001_VerifyUserDetail@1972e513]" started-at="2024-02-11T02:54:38 IST" name="verify_User_Details" finished-at="2024-02-11T02:54:54 IST" duration-ms="16123" status="PASS">
          <reporter-output>
          </reporter-output>
        </test-method> <!-- verify_User_Details -->
        <test-method is-config="true" signature="tearDown()[pri:0, instance:testCases.TC_0001_VerifyUserDetail@1972e513]" started-at="2024-02-11T02:55:53 IST" name="tearDown" finished-at="2024-02-11T02:55:55 IST" duration-ms="1484" status="PASS">
          <reporter-output>
          </reporter-output>
        </test-method> <!-- tearDown -->
      </class> <!-- testCases.TC_0001_VerifyUserDetail -->
      <class name="testCases.TC_0003_CompareHeadingwithToolTip">
        <test-method signature="cmpTooltip()[pri:0, instance:testCases.TC_0003_CompareHeadingwithToolTip@7fd50002]" started-at="2024-02-11T02:54:56 IST" name="cmpTooltip" finished-at="2024-02-11T02:54:58 IST" duration-ms="1552" status="PASS">
          <reporter-output>
          </reporter-output>
        </test-method> <!-- cmpTooltip -->
      </class> <!-- testCases.TC_0003_CompareHeadingwithToolTip -->
    </test> <!-- Test -->
  </suite> <!-- Suite -->
</testng-results>
