<?xml version="1.0" encoding="UTF-8"?>
<testng-results ignored="0" total="2" passed="2" failed="0" skipped="0">
  <reporter-output>
  </reporter-output>
  <suite started-at="2024-02-06T16:48:41 IST" name="Suite" finished-at="2024-02-06T16:49:20 IST" duration-ms="39196">
    <groups>
      <group name="regression">
        <method signature="TC_0002_NewsAndCount.countNews()[pri:2, instance:testCases.TC_0002_NewsAndCount@55183b20]" name="countNews" class="testCases.TC_0002_NewsAndCount"/>
      </group> <!-- regression -->
      <group name="sanity">
        <method signature="TC_0001_VerifyUserDetail.verify_User_Details()[pri:1, instance:testCases.TC_0001_VerifyUserDetail@77fbd92c]" name="verify_User_Details" class="testCases.TC_0001_VerifyUserDetail"/>
      </group> <!-- sanity -->
      <group name="master">
        <method signature="TC_0001_VerifyUserDetail.verify_User_Details()[pri:1, instance:testCases.TC_0001_VerifyUserDetail@77fbd92c]" name="verify_User_Details" class="testCases.TC_0001_VerifyUserDetail"/>
        <method signature="TC_0002_NewsAndCount.countNews()[pri:2, instance:testCases.TC_0002_NewsAndCount@55183b20]" name="countNews" class="testCases.TC_0002_NewsAndCount"/>
      </group> <!-- master -->
    </groups>
    <test started-at="2024-02-06T16:48:41 IST" name="Test" finished-at="2024-02-06T16:49:20 IST" duration-ms="39196">
      <class name="testCases.TC_0002_NewsAndCount">
        <test-method is-config="true" signature="driverSetup(java.lang.String)[pri:0, instance:testCases.TC_0002_NewsAndCount@55183b20]" started-at="2024-02-06T16:49:05 IST" name="driverSetup" finished-at="2024-02-06T16:49:18 IST" duration-ms="12134" status="PASS">
          <params>
            <param index="0">
              <value>
                <![CDATA[chrome]]>
              </value>
            </param>
          </params>
          <reporter-output>
          </reporter-output>
        </test-method> <!-- driverSetup -->
        <test-method signature="countNews()[pri:2, instance:testCases.TC_0002_NewsAndCount@55183b20]" started-at="2024-02-06T16:49:18 IST" name="countNews" finished-at="2024-02-06T16:49:19 IST" duration-ms="1120" status="PASS">
          <reporter-output>
          </reporter-output>
        </test-method> <!-- countNews -->
        <test-method is-config="true" signature="tearDown()[pri:0, instance:testCases.TC_0002_NewsAndCount@55183b20]" started-at="2024-02-06T16:49:19 IST" name="tearDown" finished-at="2024-02-06T16:49:20 IST" duration-ms="1211" status="PASS">
          <reporter-output>
          </reporter-output>
        </test-method> <!-- tearDown -->
      </class> <!-- testCases.TC_0002_NewsAndCount -->
      <class name="testCases.TC_0001_VerifyUserDetail">
        <test-method is-config="true" signature="driverSetup(java.lang.String)[pri:0, instance:testCases.TC_0001_VerifyUserDetail@77fbd92c]" started-at="2024-02-06T16:48:41 IST" name="driverSetup" finished-at="2024-02-06T16:48:54 IST" duration-ms="12717" status="PASS">
          <params>
            <param index="0">
              <value>
                <![CDATA[chrome]]>
              </value>
            </param>
          </params>
          <reporter-output>
          </reporter-output>
        </test-method> <!-- driverSetup -->
        <test-method signature="verify_User_Details()[pri:1, instance:testCases.TC_0001_VerifyUserDetail@77fbd92c]" started-at="2024-02-06T16:48:54 IST" name="verify_User_Details" finished-at="2024-02-06T16:49:04 IST" duration-ms="10428" status="PASS">
          <reporter-output>
          </reporter-output>
        </test-method> <!-- verify_User_Details -->
        <test-method is-config="true" signature="tearDown()[pri:0, instance:testCases.TC_0001_VerifyUserDetail@77fbd92c]" started-at="2024-02-06T16:49:04 IST" name="tearDown" finished-at="2024-02-06T16:49:05 IST" duration-ms="1197" status="PASS">
          <reporter-output>
          </reporter-output>
        </test-method> <!-- tearDown -->
      </class> <!-- testCases.TC_0001_VerifyUserDetail -->
    </test> <!-- Test -->
  </suite> <!-- Suite -->
</testng-results>
