<?xml version="1.0" encoding="UTF-8"?>
<testsuite xmlns:xsi="http://www.w3.org/2001/XMLSchema-instance" xsi:noNamespaceSchemaLocation="https://maven.apache.org/surefire/maven-surefire-plugin/xsd/surefire-test-report-3.0.xsd" version="3.0" name="TestSuite" time="98.112" tests="5" errors="0" skipped="0" failures="0">
  <properties>
[...]
</properties>
  <testcase name="verify_User_Details" classname="testCases.TC_0001_VerifyUserDetail" time="16.161">
    <system-out><![CDATA[---------------------------------------------------------------------------
User Information:
Username: Yadav, Rishabh (Cognizant)Email: 2304092@cognizant.com
---------------------------------------------------------------------------


]]></system-out>
    <system-err><![CDATA[SLF4J(W): No SLF4J providers were found.
SLF4J(W): Defaulting to no-operation (NOP) logger implementation
SLF4J(W): See https://www.slf4j.org/codes.html#noProviders for further details.
]]></system-err>
  </testcase>
  <testcase name="countNews" classname="testCases.TC_0002_NewsAndCount" time="2.204">
    <system-out><![CDATA[---------------------------------------------------------------------------
Total Available News:
Total News: 5


News Headings:
Top 10 takeaways from our Q4 2023 earnings
Meet your employee emcees for the 2024 Impact Awards!
Meet the finalists of the 2024 Impact Awards
Cognizant Flowsource™ will fuel the next generation of enterprise software engineering
CEO blog: Elevating Cognizant’s stature on the world stage

---------------------------------------------------------------------------


]]></system-out>
  </testcase>
  <testcase name="cmpTooltip" classname="testCases.TC_0003_CompareHeadingwithToolTip" time="1.556">
    <system-out><![CDATA[---------------------------------------------------------------------------
Comparing with Tool Tip:
News: Top 10 takeaways from our Q4 2023 earnings
ToolTip: Top 10 takeaways from our Q4 2023 earnings
News matching with Tool Tip:


News: Meet your employee emcees for the 2024 Impact Awards!
ToolTip: Meet your employee emcees for the 2024 Impact Awards!
News matching with Tool Tip:


News: Meet the finalists of the 2024 Impact Awards
ToolTip: Meet the finalists of the 2024 Impact Awards
News matching with Tool Tip:


News: Cognizant Flowsource™ will fuel the next generation of enterprise software engineering
ToolTip: Cognizant Flowsource™ will fuel the next generation of enterprise software engineering
News matching with Tool Tip:


News: CEO blog: Elevating Cognizant’s stature on the world stage
ToolTip: CEO blog: Elevating Cognizant’s stature on the world stage
News matching with Tool Tip:


---------------------------------------------------------------------------


]]></system-out>
  </testcase>
  <testcase name="clickEachNews" classname="testCases.TC_0004_ClickEachNewsAndPrint" time="48.594">
    <system-out><![CDATA[---------------------------------------------------------------------------
Clicking each news and Verifying it:


opening news:1
Title of News :1 Before Click:
Top 10 takeaways from our Q4 2023 earnings


Title of News :1 After Click:
Top 10 takeaways from our Q4 2023 earnings
Correct: Title Matching After open News Also:


News Content of :1th News:
On Tuesday’s earnings call, Ravi and Jatin discussed our recent performance in the fourth quarter and the full-year (FY) 2023. Here are the top 10 takeaways, covering both the numbers and company news.
 Top 10 takeaways
FY revenue of $19.4B, a slight decline of 0.4% year-over-year, within our guidance range
FY operating margin of 13.9%, above our guidance range
FY operating cash flow of $2.3B
12-month bookings of $26.3B, up 9% year-over-year
Headcount in Q4 was 347,700, up 1,100 from Q3, but an overall decrease of 7,600 year-over-year
Voluntary attrition for 2023 was 13.8%, down nearly 12% from 2022
Numerous client wins, including Takeda, Fortrea, Cambridge University Press & Assessment, Alm. Brand Group, University of Melbourne, and Riyadh Airports Company
Several partnership announcing, including ServiceNow, Microsoft, and Amazon
Partnered with Oxford Economics to quantify generative AI’s impact on productivity and the future of work
Earned a top score in Human Rights Campaign Foundation’s 2023-2024 Corporate Equality Index
 Read Ravi's full message to Cognizant associates here. 
 Missed the call? A replay will be available at Cognizant.com starting on February 7. You can also read the Q4 results press release here. 


News Successfully written in text file inside testData Folder:


Click Back to Home Page........
Be.Cognizant - Home
!!!!!Successfully back to Home Page!!!!!!!
---------------------------------------------------------------------------


opening news:2
Title of News :2 Before Click:
Meet your employee emcees for the 2024 Impact Awards!


Title of News :2 After Click:
Meet your employee emcees for the 2024 Impact Awards!
Correct: Title Matching After open News Also:


News Content of :2th News:
Excitement is building as we prepare for the first-ever Impact Awards, which is all about recognizing the incredible achievements of our employees. As part of our commitment to recognition, we are thrilled to introduce the four talented associates who will guide us through the festivities as our emcees. They may even be your team members! 
 Chennai


News Successfully written in text file inside testData Folder:


Click Back to Home Page........
Be.Cognizant - Home
!!!!!Successfully back to Home Page!!!!!!!
---------------------------------------------------------------------------


opening news:3
Title of News :3 Before Click:
Meet the finalists of the 2024 Impact Awards


Title of News :3 After Click:
Meet the finalists of the 2024 Impact Awards
Correct: Title Matching After open News Also:


News Content of :3th News:
The Impact Awards will be a celebration to remember. We’re celebrating teams and individuals across the business in several categories. Two of the awards are the Spirit Award and the Social Impact Project of the Year Award. A few weeks ago, we asked for your nominations for these awards and here are the finalists!  
 Social Impact Project of the Year Award
 Vijayapriya VS, engagement delivery partner, Americas Life Sciences, is a self-starter whose outreach work has impacted more than 5,000 students. In addition to her GDstein series, she has created an opportunity to showcase young talent working toward manufacturing prosthetic hands for those in need. Her work is not limited to students — she also created a startup-focused series that showcases their work on ecological restoration.
 Project DHYEYA is committed to empowering underprivileged students. The program offers academic training, financial support and mentorship to students across multiple cities in India. The team mobilizes a network of more than 200 dedicated employee volunteers, helping students gain admission to top universities and scoring high in competitive exams, like the NTSE and NMMSS.  
 The CTS Raleigh-Durham team supports their local community through cleaning trails, volunteering at the Ronald McDonald House and participating in charity walks — and they also work hard to foster community amongst themselves. Through their Engage (Yammer) page and WhatsApp group, they ensure seamless communication within their organization. They make events accessible and enjoyable for all team members, which in turn creates a strong sense of team unity.  
 Spirit Award
 Raghuveeran Sowmyanarayanan, senior director, AIA Delivery, has elevated the standards of project management within the organization. Leading his team strategically and emphasizing teamwork and collaboration, his programs, like the Gen AI Hackathons, foster teamwork, creativity and learning. He frequently encourages his team to make time for upskilling, and with his AICyclopedia tech talks, he shows he values intellectual curiosity. His innovation creates a dynamic team, ready to tackle AI.  
 As a team leader for IOA Tech AI/ML, Verna Lyn Pascual’s team emphasized how she is the model of an empathetic leader. She has infectious enthusiasm and dedicates herself to making sure everyone on her team feels at ease and included. She takes leadership courses to make sure she’s doing her part for her team and is always asking for feedback on her leadership. She’s been described as the “safest person to turn to for help.”  
 Sumita Biswal, program manager, QEA BFS, has a customer-focused approach that has earned her team the highest NPS score of the last four years. She supports those on her team with leadership potential and frequently has skip-level meetings with her team so that she can fully support them and understand different dimensions of the work. She created a “celebration team” to lead activities, like in-office celebrations and women associate sessions, leading to increased motivation for her team. 
 Watch the winners live 
On February 13, tune in to view winners from this list and from other categories across the company.  
 Date: Tuesday, February 13   
Time: 6:30 PM IST | 1:00 PM GMT | 8:00 AM EST   
Where: https://cognizant.brandlive.com/Impact-Awards-2024/en   
Watch the teaser video below or click to watch here
 Be sure to check out your emcees too!


News Successfully written in text file inside testData Folder:


Click Back to Home Page........
Be.Cognizant - Home
!!!!!Successfully back to Home Page!!!!!!!
---------------------------------------------------------------------------


opening news:4
Title of News :4 Before Click:
Cognizant Flowsource™ will fuel the next generation of enterprise software engineering


Title of News :4 After Click:
Cognizant Flowsource™ will fuel the next generation of enterprise software engineering
Correct: Title Matching After open News Also:


News Content of :4th News:
Modern software engineering is often a Herculean undertaking. Even with well-defined objectives and processes, software projects by their very nature run the risk of getting derailed and productivity is getting harder to sustain. Emerging technology, competition and customer expectations require organizations to achieve a pace of change that is often unattainable due to the increasing complexity of their technology estates, fractured use of modern engineering processes, and legacy debt and costs. 
 The Software Development Life Cycle (SDLC) provides a framework that enables organizations to ship quality software faster while also reducing cost. It lays a foundation for clarity around a software project’s goals, planning activities and deliverables, identifying and minimizing risks, vetting software quality, managing customer expectations, and maintaining the product once it’s deployed.
 We are now able to use Cognizant Flowsource™ to accelerate the end-to-end SDLC and address completely new automation opportunities. Cognizant Flowsource is our software development lifecycle management platform, offering a unified developer experience powered by automation and generative AI (gen AI) that will sustain next generation engineering.
 “In the gen AI era, the pursuit of innovation is creating a hotbed 
of opportunity for organizations to work faster — but working faster 
must be sustainable, and ‘more code’ shouldn’t mean ‘more problems.’ Cognizant Flowsource addresses this growing need and helps organizations improve quality and consistency across development. 
The result is better time to market for new and innovative products 
and services as well as improvements in scale that can enable 
these enterprises to stay ahead of competition.” 
- Prasad Sankaran, Head of Software & Platform Engineering
  “As a center of gravity for a modern delivery model, Cognizant Flowsource integrates all stages of the SDLC, from design to launch, providing 
a unified engineering platform connecting the work of all stakeholders 
and the development community for greater productivity and control. 
It incorporates digital assets and tools to help cross-functional 
engineering teams deliver better outcomes, 
faster with increased control and transparency.” 
- Pramod Bijani, Global Practice Leader 
for Digital Engineering and Digital Experience
 The platform delivers meaningful business benefits for clients, including:
Simplify, automate and bring intelligence to all stages of the SDLC with generative AI tooling, including copilots.
Accelerate the work process with included plugins on this extendable platform, and the ability to easily add third party plugins.
Bring consistency and quickness to developer work with self-service software and environment provisioning utilizing pre-configured templates.
Quality assurance with integrated, automated quality engineering and assurance throughout the process.
Ensure transparency with automated documentation and knowledge management within a single portal including component store experience across all teams.
A holistic view of engineering operations across the entire SDLC.
Track effectiveness and issues across engineering and business, with executive clarity on business impact.
  Cognizant Flowsource complements our platform ecosystem — Cognizant Neuro® AI, Cognizant Neuro® IT Operations and Cognizant Skygrade™ — all designed to help enterprises manage the complexity of their IT environments and modernize towards a cloud-native architecture.
  The below resources explain the value Cognizant Flowsource can bring to our clients as we collectively embrace the power of gen AI. Please connect with your SLS for Cognizant SPE to discuss and support client opportunities.
Cognizant Flowsource on Cognizant.com
Press release
Client pitch deck
FAQs (coming soon)
Like, comment and repost the Cognizant LinkedIn announcement


News Successfully written in text file inside testData Folder:


Click Back to Home Page........
Be.Cognizant - Home
!!!!!Successfully back to Home Page!!!!!!!
---------------------------------------------------------------------------


opening news:5
Title of News :5 Before Click:
CEO blog: Elevating Cognizant’s stature on the world stage


Title of News :5 After Click:
Our growth mindset
InCorrect: Title Not Matching After open News Also:


News Content of :5th News:
January 21
Cognizant at the WEF Economic Meeting: Elevating Cognizant’s stature on the world stage
TI am so thrilled with everything our company accomplished at the World Economic Forum (WEF) Annual Meeting. This theme of gen AI as an equalizer played out in nearly every conversation I had in Davos—and I had scores of them. Our leadership team had more than 100 individual client and partner meetings over four days and (as conveyed by the photos in this message) hosted more than 130 guests at events in our Cognizant lounge. These 230-plus connections will drive future commercial opportunities, partnerships, and collaborations. I can’t think of a more productive way to build so many relationships so rapidly than through the activations the team executed at WEF. 
 WEF consists of far more than the January annual meeting in Switzerland. It’s a year-long flywheel of activity. The panel on which I participated was the culmination of a year-long collaboration among regulators, economists, academics, and industry leaders. Although we entered the conversation about halfway through the year, we quickly established ourselves as thought leaders. I believe our year-long engagement as a WEF strategic partner will be a virtuous cycle that will enhance our reputation and open new doors for our company.
 You can catch up on the stream of images and recaps available on Be.Cognizant. 


News Successfully written in text file inside testData Folder:


Click Back to Home Page........
Be.Cognizant - Home
!!!!!Successfully back to Home Page!!!!!!!
---------------------------------------------------------------------------


]]></system-out>
  </testcase>
  <testcase name="appsAndTools" classname="testCases.TC_0005_AppsAndTools" time="6.934">
    <system-out><![CDATA[---------------------------------------------------------------------------
Total Apps And Tools Available:
Total Apps and Tools: 9

OneCognizant
ESA Timesheet
TruTime
MyService Portal
Engage (Yammer)
Holiday Calendars
Bluebolt Central
Employee Assistance Program (EAP)
All Apps & Tools
---------------------------------------------------------------------------
]]></system-out>
  </testcase>
</testsuite>